<?xml version="1.0" encoding="UTF-8"?>
<!-- Generated by org.testng.reporters.JUnitXMLReporter -->
<testsuite ignored="0" hostname="JOHN" failures="0" tests="6" name="Default test" time="12.923" errors="0" timestamp="08 Jul 2024 07:42:59 GMT">
  <testcase classname="api.test.DDTests" name="testPostUser" time="3.65"/>
  <testcase classname="api.test.DDTests" name="testPostUser" time="1.391"/>
  <testcase classname="api.test.DDTests" name="testPostUser" time="1.532"/>
  <testcase classname="api.test.DDTests" name="testDeleteUserByName" time="1.32"/>
  <testcase classname="api.test.DDTests" name="testDeleteUserByName" time="1.533"/>
  <testcase classname="api.test.DDTests" name="testDeleteUserByName" time="1.433"/>
</testsuite> <!-- Default test -->
