<?xml version="1.0" encoding="UTF-8"?>
<testng-results ignored="0" total="4" passed="4" failed="0" skipped="0">
  <reporter-output>
  </reporter-output>
  <suite started-at="2024-07-12T16:51:41Z" name="PetSuite" finished-at="2024-07-12T16:51:51Z" duration-ms="10758">
    <groups>
    </groups>
    <test started-at="2024-07-12T16:51:41Z" name="PetTest" finished-at="2024-07-12T16:51:51Z" duration-ms="10758">
      <class name="api.test.UsersTest2">
        <test-method is-config="true" signature="setUpData()[pri:0, instance:api.test.UsersTest2@6c1a5b54]" started-at="2024-07-12T16:51:41Z" name="setUpData" finished-at="2024-07-12T16:51:42Z" duration-ms="1012" status="PASS">
          <reporter-output>
          </reporter-output>
        </test-method> <!-- setUpData -->
        <test-method signature="testPostUser()[pri:1, instance:api.test.UsersTest2@6c1a5b54]" started-at="2024-07-12T16:51:42Z" name="testPostUser" finished-at="2024-07-12T16:51:46Z" duration-ms="3548" status="PASS">
          <reporter-output>
          </reporter-output>
        </test-method> <!-- testPostUser -->
        <test-method signature="testGetUserByName()[pri:2, instance:api.test.UsersTest2@6c1a5b54]" started-at="2024-07-12T16:51:46Z" name="testGetUserByName" finished-at="2024-07-12T16:51:47Z" duration-ms="1452" status="PASS">
          <reporter-output>
          </reporter-output>
        </test-method> <!-- testGetUserByName -->
        <test-method signature="testUpdateUserByName()[pri:3, instance:api.test.UsersTest2@6c1a5b54]" started-at="2024-07-12T16:51:47Z" name="testUpdateUserByName" finished-at="2024-07-12T16:51:50Z" duration-ms="3053" status="PASS">
          <reporter-output>
          </reporter-output>
        </test-method> <!-- testUpdateUserByName -->
        <test-method signature="testDeleteUserByName()[pri:4, instance:api.test.UsersTest2@6c1a5b54]" started-at="2024-07-12T16:51:50Z" name="testDeleteUserByName" finished-at="2024-07-12T16:51:51Z" duration-ms="1331" status="PASS">
          <reporter-output>
          </reporter-output>
        </test-method> <!-- testDeleteUserByName -->
      </class> <!-- api.test.UsersTest2 -->
    </test> <!-- PetTest -->
  </suite> <!-- PetSuite -->
</testng-results>
