<?xml version="1.0" encoding="UTF-8"?>
<testng-results ignored="0" total="4" passed="4" failed="0" skipped="0">
  <reporter-output>
  </reporter-output>
  <suite started-at="2024-07-09T18:04:16Z" name="PetSuite" finished-at="2024-07-09T18:04:28Z" duration-ms="12123">
    <groups>
    </groups>
    <test started-at="2024-07-09T18:04:16Z" name="PetTest" finished-at="2024-07-09T18:04:28Z" duration-ms="12123">
      <class name="api.test.UsersTest2">
        <test-method is-config="true" signature="setUpData()[pri:0, instance:api.test.UsersTest2@3403e2ac]" started-at="2024-07-09T18:04:16Z" name="setUpData" finished-at="2024-07-09T18:04:17Z" duration-ms="1219" status="PASS">
          <reporter-output>
          </reporter-output>
        </test-method> <!-- setUpData -->
        <test-method signature="testPostUser()[pri:1, instance:api.test.UsersTest2@3403e2ac]" started-at="2024-07-09T18:04:17Z" name="testPostUser" finished-at="2024-07-09T18:04:21Z" duration-ms="3588" status="PASS">
          <reporter-output>
          </reporter-output>
        </test-method> <!-- testPostUser -->
        <test-method signature="testGetUserByName()[pri:2, instance:api.test.UsersTest2@3403e2ac]" started-at="2024-07-09T18:04:21Z" name="testGetUserByName" finished-at="2024-07-09T18:04:23Z" duration-ms="2038" status="PASS">
          <reporter-output>
          </reporter-output>
        </test-method> <!-- testGetUserByName -->
        <test-method signature="testUpdateUserByName()[pri:3, instance:api.test.UsersTest2@3403e2ac]" started-at="2024-07-09T18:04:23Z" name="testUpdateUserByName" finished-at="2024-07-09T18:04:26Z" duration-ms="3369" status="PASS">
          <reporter-output>
          </reporter-output>
        </test-method> <!-- testUpdateUserByName -->
        <test-method signature="testDeleteUserByName()[pri:4, instance:api.test.UsersTest2@3403e2ac]" started-at="2024-07-09T18:04:26Z" name="testDeleteUserByName" finished-at="2024-07-09T18:04:28Z" duration-ms="1433" status="PASS">
          <reporter-output>
          </reporter-output>
        </test-method> <!-- testDeleteUserByName -->
      </class> <!-- api.test.UsersTest2 -->
    </test> <!-- PetTest -->
  </suite> <!-- PetSuite -->
</testng-results>
