<?xml version="1.0" encoding="UTF-8"?>
<!-- Generated by org.testng.reporters.JUnitXMLReporter -->
<testsuite ignored="0" hostname="JOHN" failures="0" tests="4" name="PetTest" time="10.758" errors="0" timestamp="12 Jul 2024 16:51:51 GMT">
  <testcase classname="api.test.UsersTest2" name="testPostUser" time="3.548"/>
  <testcase classname="api.test.UsersTest2" name="testGetUserByName" time="1.452"/>
  <testcase classname="api.test.UsersTest2" name="testUpdateUserByName" time="3.053"/>
  <testcase classname="api.test.UsersTest2" name="testDeleteUserByName" time="1.331"/>
</testsuite> <!-- PetTest -->
