<?xml version="1.0" encoding="UTF-8"?>
<!-- Generated by org.testng.reporters.JUnitXMLReporter -->
<testsuite ignored="0" hostname="JOHN" failures="0" tests="4" name="PetTest" time="12.123" errors="0" timestamp="09 Jul 2024 18:04:28 GMT">
  <testcase classname="api.test.UsersTest2" name="testPostUser" time="3.588"/>
  <testcase classname="api.test.UsersTest2" name="testGetUserByName" time="2.038"/>
  <testcase classname="api.test.UsersTest2" name="testUpdateUserByName" time="3.369"/>
  <testcase classname="api.test.UsersTest2" name="testDeleteUserByName" time="1.433"/>
</testsuite> <!-- PetTest -->
